февр. 25, 2025 11:40:47 PM main.utils.AuditLogger log
INFO: Application started
февр. 25, 2025 11:41:18 PM main.utils.AuditLogger log
INFO: User logged in: admin
февр. 25, 2025 11:41:41 PM main.utils.AuditLogger log
INFO: Application stopped
февр. 25, 2025 11:42:13 PM main.utils.AuditLogger log
INFO: Application started
февр. 25, 2025 11:45:18 PM main.utils.AuditLogger log
INFO: Application started
февр. 25, 2025 11:45:53 PM main.utils.AuditLogger log
INFO: User logged in: rebelraider
февр. 25, 2025 11:47:23 PM main.utils.AuditLogger log
INFO: Application started
февр. 25, 2025 11:53:36 PM main.utils.AuditLogger log
INFO: Application started
февр. 25, 2025 11:54:12 PM main.utils.AuditLogger log
INFO: User logged in: efe
февр. 25, 2025 11:54:27 PM main.utils.AuditLogger log
INFO: Application stopped
